<?xml version="1.0" encoding="UTF-8"?>
<!-- Generated by org.testng.reporters.JUnitXMLReporter -->
<testsuite hostname="vivek" name="test" tests="1" failures="1" timestamp="14 Jan 2019 06:56:46 GMT" time="5.346" errors="0">
  <testcase name="navigation1" time="0.761" classname="OodlesDB.validatetitle">
    <failure type="java.lang.AssertionError" message="expected:&amp;lt;&amp;gt; but was:&amp;lt;Oodles technologies&amp;gt;">
      <![CDATA[java.lang.AssertionError: expected:<> but was:<Oodles technologies>
	at OodlesDB.validatetitle.navigation1(validatetitle.java:40)
... Removed 26 stack frames]]>
    </failure>
  </testcase> <!-- navigation1 -->
</testsuite> <!-- test -->
